11-02 22:50:17 replicate_layout.action_replicate_layout 313:Plugin executed on: 'win32'
11-02 22:50:17 replicate_layout.action_replicate_layout 314:Plugin executed with python version: '2.7.18 (default, Apr 20 2020, 16:57:11)  [GCC 9.3.0 64 bit (AMD64)]'
11-02 22:50:17 replicate_layout.action_replicate_layout 315:KiCad build version: (5.1.10)-1
11-02 22:50:17 replicate_layout.action_replicate_layout 316:Replicate layout plugin version: 74 started
11-02 22:50:17 replicate_layout.action_replicate_layout 329:All top level windows titles are:
kicad (5.1.10)-1 c:\users\clemens\documents\github\xesc\pcb\xesc\xesc.pro

eeschema — bridgemosfets.sch [/power/bridgemosfets/] — c:\users\clemens\documents\github\xesc\pcb\xesc

pcbnew — c:\users\clemens\documents\github\xesc\pcb\xesc\xesc.kicad_pcb


position relative to reference item
11-02 22:50:17 replicate_layout.action_replicate_layout 330:All top level windows objects are:
 <wx._windows.Frame; proxy of <Swig Object of type 'wxFrame *' at 0x3139f00> >
<wx._windows.Frame; proxy of <Swig Object of type 'wxFrame *' at 0x1404fd0> >
<wx._windows.Frame; proxy of <Swig Object of type 'wxFrame *' at 0x11c33870> >
<wx._windows.Frame; proxy of <Swig Object of type 'wxFrame *' at 0x32b343d0> >
<wx._windows.Frame; proxy of <Swig Object of type 'wxFrame *' at 0x31d31420> >
<wx._windows.Frame; proxy of <Swig Object of type 'wxFrame *' at 0x3830ee40> >
<wx._windows.Frame; proxy of <Swig Object of type 'wxFrame *' at 0x3830f520> >
<wx._windows.Dialog; proxy of <Swig Object of type 'wxDialog *' at 0x3276fed0> >
11-02 22:50:17 replicate_layout.action_replicate_layout 353:Preparing replicator with Q1 as a reference
11-02 22:50:17 replicate_layout.replicatelayout 215:getting project hierarchy from schematics
11-02 22:50:17 replicate_layout.replicatelayout 217:Project hierarchy looks like:
{u'618DC168': [u'sheet618DC161', u'C:\\Users\\Clemens\\Documents\\GitHub\\xESC\\PCB\\xESC\\BridgeMosfets.sch'], u'61874129': [u'BridgeMosfets', u'C:\\Users\\Clemens\\Documents\\GitHub\\xESC\\PCB\\xESC\\BridgeMosfets.sch'], u'618D9FC1': [u'sheet618D9FBA', u'C:\\Users\\Clemens\\Documents\\GitHub\\xESC\\PCB\\xESC\\BridgeMosfets.sch'], u'618155AA': [u'Connections', u'C:\\Users\\Clemens\\Documents\\GitHub\\xESC\\PCB\\xESC\\Connections.sch'], u'6183112C': [u'Power', u'C:\\Users\\Clemens\\Documents\\GitHub\\xESC\\PCB\\xESC\\Power.sch']}
11-02 22:50:17 replicate_layout.replicatelayout 225:getting a list of all footprints on board
11-02 22:50:17 replicate_layout.action_replicate_layout 380:source anchor footprint is u'Q1'
Located on:[u'Power', u'BridgeMosfets']
With filenames:[u'Power.sch', u'BridgeMosfets.sch']
With sheet_id:[u'Power', u'BridgeMosfets']
11-02 22:50:17 replicate_layout.action_replicate_layout 384:Corresponding footprints are 
[(u'Q5', [u'Power', u'sheet618DC161']), (u'Q3', [u'Power', u'sheet618D9FBA']), (u'Q1', [u'Power', u'BridgeMosfets'])]
11-02 22:50:17 replicate_layout.action_replicate_layout 397:Showing dialog
11-02 22:50:17 replicate_layout.action_replicate_layout 401:Pcbnew position: wx.Point(0, 0)
11-02 22:50:17 replicate_layout.action_replicate_layout 407:Display 0: wx.Rect(3840, -202, 1440, 2560)
11-02 22:50:17 replicate_layout.action_replicate_layout 407:Display 1: wx.Rect(0, 0, 3840, 2160)
11-02 22:50:17 replicate_layout.action_replicate_layout 411:Toolbar position: wx.Point(3634, 123)
11-02 22:50:17 replicate_layout.action_replicate_layout 418:Dialog position: wx.Point(3321, 123)
11-02 22:50:21 replicate_layout.replicatelayout 249:construcing a list of sheets suitable for replication on level:u'BridgeMosfets', file:u'BridgeMosfets.sch'
11-02 22:50:21 replicate_layout.replicatelayout 256:Source sheet path up to the level:[u'Power', u'BridgeMosfets']
11-02 22:50:21 replicate_layout.replicatelayout 260:Footprints on the sheets:
[u'Q5', u'Q3', u'Q1']
11-02 22:50:21 replicate_layout.replicatelayout 263:Footprints raw sheet ids:
[u'/6183112C/618DC168/618746CC', u'/6183112C/618D9FC1/618746CC', u'/6183112C/61874129/618746CC']
11-02 22:50:21 replicate_layout.replicatelayout 279:All sheets to replicate:
[[u'Power', u'sheet618DC161'], [u'Power', u'sheet618D9FBA'], [u'Power', u'BridgeMosfets']]
11-02 22:50:21 replicate_layout.replicatelayout 284:All sheets to replicate sorted:
[[u'Power', u'BridgeMosfets'], [u'Power', u'sheet618D9FBA'], [u'Power', u'sheet618DC161']]
11-02 22:50:21 replicate_layout.replicatelayout 290:All sheets to replicate sorted and without source sheet:
[[u'Power', u'sheet618D9FBA'], [u'Power', u'sheet618DC161']]
11-02 22:50:24 replicate_layout.replicatelayout 249:construcing a list of sheets suitable for replication on level:u'BridgeMosfets', file:u'BridgeMosfets.sch'
11-02 22:50:24 replicate_layout.replicatelayout 256:Source sheet path up to the level:[u'Power', u'BridgeMosfets']
11-02 22:50:24 replicate_layout.replicatelayout 260:Footprints on the sheets:
[u'Q5', u'Q3', u'Q1']
11-02 22:50:24 replicate_layout.replicatelayout 263:Footprints raw sheet ids:
[u'/6183112C/618DC168/618746CC', u'/6183112C/618D9FC1/618746CC', u'/6183112C/61874129/618746CC']
11-02 22:50:24 replicate_layout.replicatelayout 279:All sheets to replicate:
[[u'Power', u'sheet618DC161'], [u'Power', u'sheet618D9FBA'], [u'Power', u'BridgeMosfets']]
11-02 22:50:24 replicate_layout.replicatelayout 284:All sheets to replicate sorted:
[[u'Power', u'BridgeMosfets'], [u'Power', u'sheet618D9FBA'], [u'Power', u'sheet618DC161']]
11-02 22:50:24 replicate_layout.replicatelayout 290:All sheets to replicate sorted and without source sheet:
[[u'Power', u'sheet618D9FBA'], [u'Power', u'sheet618DC161']]
11-02 22:50:24 replicate_layout.action_replicate_layout 186:Replicating layout
11-02 22:50:25 replicate_layout.replicatelayout 1002:Starting replication of sheets: [[u'Power', u'sheet618D9FBA'], [u'Power', u'sheet618DC161']]
on level: [u'Power', u'BridgeMosfets']
with tracks=True, zone=True, text=True, containing=False, remove=True, locked=False
11-02 22:50:25 root 269:updating GUI message: 'Preparing for replication'
11-02 22:50:25 root 274:updating GUI with: 0
11-02 22:50:25 replicate_layout.replicatelayout 556:Getting the list of source footprints
11-02 22:50:25 replicate_layout.replicatelayout 560:Getting the list of all the remaining footprints
11-02 22:50:25 replicate_layout.replicatelayout 564:Getting nets local to source footprints
11-02 22:50:25 replicate_layout.replicatelayout 568:Getting source bounding box
11-02 22:50:25 root 274:updating GUI with: 37
11-02 22:50:25 replicate_layout.replicatelayout 572:Getting source tracks
11-02 22:50:25 replicate_layout.replicatelayout 576:Getting source zones
11-02 22:50:25 replicate_layout.replicatelayout 580:Getting source text items
11-02 22:50:25 replicate_layout.replicatelayout 584:Getting source text items
11-02 22:50:25 replicate_layout.replicatelayout 1030:Removing tracks and zones, before module placement
11-02 22:50:25 root 269:updating GUI message: 'Removing zones and tracks'
11-02 22:50:25 root 274:updating GUI with: 50
11-02 22:50:25 root 269:updating GUI message: 'Replicating footprints'
11-02 22:50:25 replicate_layout.replicatelayout 590:Replicating footprints
11-02 22:50:25 replicate_layout.replicatelayout 596:Replicating footprints on sheet [u'Power', u'sheet618D9FBA']
11-02 22:50:25 root 274:updating GUI with: 33
11-02 22:50:25 replicate_layout.replicatelayout 596:Replicating footprints on sheet [u'Power', u'sheet618DC161']
11-02 22:50:25 replicate_layout.replicatelayout 1038:Removing tracks and zones, after module placement
11-02 22:50:25 root 269:updating GUI message: 'Removing zones and tracks'
11-02 22:50:25 root 274:updating GUI with: 50
11-02 22:50:25 root 269:updating GUI message: 'Replicating tracks'
11-02 22:50:25 replicate_layout.replicatelayout 720:Replicating tracks
11-02 22:50:25 replicate_layout.replicatelayout 726:Replicating tracks on sheet [u'Power', u'sheet618D9FBA']
11-02 22:50:25 root 274:updating GUI with: 0
11-02 22:50:25 replicate_layout.replicatelayout 726:Replicating tracks on sheet [u'Power', u'sheet618DC161']
11-02 22:50:25 root 274:updating GUI with: 83
11-02 22:50:25 root 269:updating GUI message: 'Replicating zones'
11-02 22:50:25 replicate_layout.replicatelayout 771:Replicating zones
11-02 22:50:25 replicate_layout.replicatelayout 778:Replicating zones on sheet [u'Power', u'sheet618D9FBA']
11-02 22:50:25 replicate_layout.replicatelayout 816:Skipping replication of a zone on copper layer without a net
11-02 22:50:25 replicate_layout.replicatelayout 816:Skipping replication of a zone on copper layer without a net
11-02 22:50:25 replicate_layout.replicatelayout 816:Skipping replication of a zone on copper layer without a net
11-02 22:50:25 replicate_layout.replicatelayout 816:Skipping replication of a zone on copper layer without a net
11-02 22:50:25 replicate_layout.replicatelayout 778:Replicating zones on sheet [u'Power', u'sheet618DC161']
11-02 22:50:25 root 274:updating GUI with: 52
11-02 22:50:25 replicate_layout.replicatelayout 816:Skipping replication of a zone on copper layer without a net
11-02 22:50:25 replicate_layout.replicatelayout 816:Skipping replication of a zone on copper layer without a net
11-02 22:50:25 replicate_layout.replicatelayout 816:Skipping replication of a zone on copper layer without a net
11-02 22:50:25 replicate_layout.replicatelayout 816:Skipping replication of a zone on copper layer without a net
11-02 22:50:25 root 269:updating GUI message: 'Replicating text'
11-02 22:50:25 replicate_layout.replicatelayout 837:Replicating text
11-02 22:50:25 replicate_layout.replicatelayout 844:Replicating text on sheet [u'Power', u'sheet618D9FBA']
11-02 22:50:25 replicate_layout.replicatelayout 844:Replicating text on sheet [u'Power', u'sheet618DC161']
11-02 22:50:25 root 269:updating GUI message: 'Replicating drawings'
11-02 22:50:25 replicate_layout.replicatelayout 868:Replicating drawings
11-02 22:50:25 replicate_layout.replicatelayout 874:Replicating drawings on sheet [u'Power', u'sheet618D9FBA']
11-02 22:50:25 replicate_layout.replicatelayout 874:Replicating drawings on sheet [u'Power', u'sheet618DC161']
11-02 22:50:25 root 269:updating GUI message: 'Removing duplicates'
11-02 22:50:25 replicate_layout.action_replicate_layout 209:Replication complete
